[2020-07-07 11:42:19:790-main] [INFO] - org.springframework.boot.StartupInfoLogger.logStarting(StartupInfoLogger.java:50) - Starting StudyApplication on AppledeMacBook-Pro.local with PID 4205 (/Users/apple/Documents/workspace/springboot/target/classes started by Xiaoy in /Users/apple/Documents/workspace/springboot)
[2020-07-07 11:42:19:796-main] [INFO] - org.springframework.boot.SpringApplication.logStartupProfileInfo(SpringApplication.java:679) - The following profiles are active: dev
[2020-07-07 11:42:20:989-main] [INFO] - org.springframework.data.repository.config.RepositoryConfigurationDelegate.multipleStoresDetected(RepositoryConfigurationDelegate.java:244) - Multiple Spring Data modules found, entering strict repository configuration mode!
[2020-07-07 11:42:21:002-main] [INFO] - org.springframework.data.repository.config.RepositoryConfigurationDelegate.registerRepositoriesIn(RepositoryConfigurationDelegate.java:126) - Bootstrapping Spring Data repositories in DEFAULT mode.
[2020-07-07 11:42:21:050-main] [INFO] - org.springframework.data.repository.config.RepositoryConfigurationDelegate.registerRepositoriesIn(RepositoryConfigurationDelegate.java:182) - Finished Spring Data repository scanning in 27ms. Found 0 repository interfaces.
[2020-07-07 11:42:21:674-main] [INFO] - org.springframework.context.support.PostProcessorRegistrationDelegate$BeanPostProcessorChecker.postProcessAfterInitialization(PostProcessorRegistrationDelegate.java:330) - Bean 'asynDemo' of type [com.xy.study.asynthreadpool.service.impl.AsynDemo$$EnhancerBySpringCGLIB$$f9075d1a] is not eligible for getting processed by all BeanPostProcessors (for example: not eligible for auto-proxying)
[2020-07-07 11:42:21:882-main] [INFO] - org.springframework.context.support.PostProcessorRegistrationDelegate$BeanPostProcessorChecker.postProcessAfterInitialization(PostProcessorRegistrationDelegate.java:330) - Bean 'org.springframework.transaction.annotation.ProxyTransactionManagementConfiguration' of type [org.springframework.transaction.annotation.ProxyTransactionManagementConfiguration$$EnhancerBySpringCGLIB$$a40ff5f2] is not eligible for getting processed by all BeanPostProcessors (for example: not eligible for auto-proxying)
[2020-07-07 11:42:22:878-main] [INFO] - org.springframework.boot.web.embedded.tomcat.TomcatWebServer.initialize(TomcatWebServer.java:90) - Tomcat initialized with port(s): 8088 (http)
[2020-07-07 11:42:22:906-main] [INFO] - org.apache.juli.logging.DirectJDKLog.log(DirectJDKLog.java:173) - Initializing ProtocolHandler ["http-nio-8088"]
[2020-07-07 11:42:22:924-main] [INFO] - org.apache.juli.logging.DirectJDKLog.log(DirectJDKLog.java:173) - Starting service [Tomcat]
[2020-07-07 11:42:22:926-main] [INFO] - org.apache.juli.logging.DirectJDKLog.log(DirectJDKLog.java:173) - Starting Servlet engine: [Apache Tomcat/9.0.17]
[2020-07-07 11:42:23:103-main] [INFO] - org.apache.juli.logging.DirectJDKLog.log(DirectJDKLog.java:173) - Initializing Spring embedded WebApplicationContext
[2020-07-07 11:42:23:103-main] [INFO] - org.springframework.boot.web.servlet.context.ServletWebServerApplicationContext.prepareWebApplicationContext(ServletWebServerApplicationContext.java:296) - Root WebApplicationContext: initialization completed in 3247 ms
[2020-07-07 11:42:24:907-main] [INFO] - org.springframework.scheduling.concurrent.ExecutorConfigurationSupport.initialize(ExecutorConfigurationSupport.java:171) - Initializing ExecutorService 'applicationTaskExecutor'
[2020-07-07 11:42:25:526-main] [INFO] - org.springframework.scheduling.concurrent.ExecutorConfigurationSupport.initialize(ExecutorConfigurationSupport.java:171) - Initializing ExecutorService 'taskScheduler'
[2020-07-07 11:42:25:635-main] [INFO] - org.apache.juli.logging.DirectJDKLog.log(DirectJDKLog.java:173) - Starting ProtocolHandler ["http-nio-8088"]
[2020-07-07 11:42:25:693-main] [INFO] - org.springframework.boot.web.embedded.tomcat.TomcatWebServer.start(TomcatWebServer.java:204) - Tomcat started on port(s): 8088 (http) with context path '/xiaoy'
[2020-07-07 11:42:25:698-main] [INFO] - org.springframework.boot.StartupInfoLogger.logStarted(StartupInfoLogger.java:59) - Started StudyApplication in 26.529 seconds (JVM running for 32.735)
[2020-07-07 11:42:37:484-http-nio-8088-exec-1] [INFO] - org.apache.juli.logging.DirectJDKLog.log(DirectJDKLog.java:173) - Initializing Spring DispatcherServlet 'dispatcherServlet'
[2020-07-07 11:42:37:485-http-nio-8088-exec-1] [INFO] - org.springframework.web.servlet.FrameworkServlet.initServletBean(FrameworkServlet.java:524) - Initializing Servlet 'dispatcherServlet'
[2020-07-07 11:42:37:501-http-nio-8088-exec-1] [INFO] - org.springframework.web.servlet.FrameworkServlet.initServletBean(FrameworkServlet.java:546) - Completed initialization in 16 ms
[2020-07-07 11:42:42:603-http-nio-8088-exec-1] [INFO] - com.xy.config.LogAspectAop.beforePointcut(LogAspectAop.java:23) - request params:[Student(name=zhangsan, age=15)]
[2020-07-07 11:42:42:747-http-nio-8088-exec-1] [INFO] - com.zaxxer.hikari.HikariDataSource.getConnection(HikariDataSource.java:110) - HikariPool-1 - Starting...
[2020-07-07 11:42:44:100-http-nio-8088-exec-1] [INFO] - com.zaxxer.hikari.HikariDataSource.getConnection(HikariDataSource.java:123) - HikariPool-1 - Start completed.
[2020-07-07 11:42:44:633-http-nio-8088-exec-1] [INFO] - com.xy.config.LogAspectAop.doAfterReturning(LogAspectAop.java:33) - response params:Student(name=zhangsan, age=15)
[2020-07-07 11:43:07:035-http-nio-8088-exec-2] [INFO] - com.xy.config.LogAspectAop.beforePointcut(LogAspectAop.java:23) - request params:[Student(name=zhangsan, age=15)]
[2020-07-07 11:43:07:039-http-nio-8088-exec-2] [INFO] - com.xy.config.LogAspectAop.doAfterReturning(LogAspectAop.java:33) - response params:Student(name=zhangsan, age=15)
[2020-07-07 11:43:21:182-http-nio-8088-exec-3] [INFO] - com.xy.config.LogAspectAop.beforePointcut(LogAspectAop.java:23) - request params:[Student(name=zhangsan, age=15)]
[2020-07-07 11:43:21:185-http-nio-8088-exec-3] [INFO] - com.xy.config.LogAspectAop.doAfterReturning(LogAspectAop.java:33) - response params:Student(name=zhangsan, age=15)
[2020-07-07 11:43:25:135-http-nio-8088-exec-4] [INFO] - com.xy.config.LogAspectAop.beforePointcut(LogAspectAop.java:23) - request params:[Student(name=zhangsan, age=15)]
[2020-07-07 11:43:25:138-http-nio-8088-exec-4] [INFO] - com.xy.config.LogAspectAop.doAfterReturning(LogAspectAop.java:33) - response params:Student(name=zhangsan, age=15)
[2020-07-07 11:44:52:209-http-nio-8088-exec-6] [INFO] - com.xy.config.LogAspectAop.beforePointcut(LogAspectAop.java:23) - request params:[Student(name=zhangsan, age=15)]
[2020-07-07 11:44:52:212-http-nio-8088-exec-6] [INFO] - com.xy.config.LogAspectAop.doAfterReturning(LogAspectAop.java:33) - response params:Student(name=zhangsan, age=15)
[2020-07-07 11:45:07:112-Thread-7] [INFO] - org.springframework.scheduling.concurrent.ExecutorConfigurationSupport.shutdown(ExecutorConfigurationSupport.java:208) - Shutting down ExecutorService 'taskScheduler'
[2020-07-07 11:45:07:118-Thread-7] [INFO] - org.springframework.scheduling.concurrent.ExecutorConfigurationSupport.shutdown(ExecutorConfigurationSupport.java:208) - Shutting down ExecutorService 'applicationTaskExecutor'
[2020-07-07 11:45:07:147-Thread-7] [INFO] - com.zaxxer.hikari.HikariDataSource.close(HikariDataSource.java:350) - HikariPool-1 - Shutdown initiated...
[2020-07-07 11:45:07:159-Thread-7] [INFO] - com.zaxxer.hikari.HikariDataSource.close(HikariDataSource.java:352) - HikariPool-1 - Shutdown completed.
[2020-07-07 11:45:41:269-main] [INFO] - org.springframework.boot.StartupInfoLogger.logStarting(StartupInfoLogger.java:50) - Starting StudyApplication on AppledeMacBook-Pro.local with PID 4283 (/Users/apple/Documents/workspace/springboot/target/classes started by Xiaoy in /Users/apple/Documents/workspace/springboot)
[2020-07-07 11:45:41:274-main] [INFO] - org.springframework.boot.SpringApplication.logStartupProfileInfo(SpringApplication.java:679) - The following profiles are active: dev
[2020-07-07 11:45:42:286-main] [INFO] - org.springframework.data.repository.config.RepositoryConfigurationDelegate.multipleStoresDetected(RepositoryConfigurationDelegate.java:244) - Multiple Spring Data modules found, entering strict repository configuration mode!
[2020-07-07 11:45:42:291-main] [INFO] - org.springframework.data.repository.config.RepositoryConfigurationDelegate.registerRepositoriesIn(RepositoryConfigurationDelegate.java:126) - Bootstrapping Spring Data repositories in DEFAULT mode.
[2020-07-07 11:45:42:331-main] [INFO] - org.springframework.data.repository.config.RepositoryConfigurationDelegate.registerRepositoriesIn(RepositoryConfigurationDelegate.java:182) - Finished Spring Data repository scanning in 23ms. Found 0 repository interfaces.
[2020-07-07 11:45:42:803-main] [INFO] - org.springframework.context.support.PostProcessorRegistrationDelegate$BeanPostProcessorChecker.postProcessAfterInitialization(PostProcessorRegistrationDelegate.java:330) - Bean 'asynDemo' of type [com.xy.study.asynthreadpool.service.impl.AsynDemo$$EnhancerBySpringCGLIB$$db997037] is not eligible for getting processed by all BeanPostProcessors (for example: not eligible for auto-proxying)
[2020-07-07 11:45:42:970-main] [INFO] - org.springframework.context.support.PostProcessorRegistrationDelegate$BeanPostProcessorChecker.postProcessAfterInitialization(PostProcessorRegistrationDelegate.java:330) - Bean 'org.springframework.transaction.annotation.ProxyTransactionManagementConfiguration' of type [org.springframework.transaction.annotation.ProxyTransactionManagementConfiguration$$EnhancerBySpringCGLIB$$86a2090f] is not eligible for getting processed by all BeanPostProcessors (for example: not eligible for auto-proxying)
[2020-07-07 11:45:43:801-main] [INFO] - org.springframework.boot.web.embedded.tomcat.TomcatWebServer.initialize(TomcatWebServer.java:90) - Tomcat initialized with port(s): 8088 (http)
[2020-07-07 11:45:43:827-main] [INFO] - org.apache.juli.logging.DirectJDKLog.log(DirectJDKLog.java:173) - Initializing ProtocolHandler ["http-nio-8088"]
[2020-07-07 11:45:43:849-main] [INFO] - org.apache.juli.logging.DirectJDKLog.log(DirectJDKLog.java:173) - Starting service [Tomcat]
[2020-07-07 11:45:43:850-main] [INFO] - org.apache.juli.logging.DirectJDKLog.log(DirectJDKLog.java:173) - Starting Servlet engine: [Apache Tomcat/9.0.17]
[2020-07-07 11:45:43:994-main] [INFO] - org.apache.juli.logging.DirectJDKLog.log(DirectJDKLog.java:173) - Initializing Spring embedded WebApplicationContext
[2020-07-07 11:45:43:995-main] [INFO] - org.springframework.boot.web.servlet.context.ServletWebServerApplicationContext.prepareWebApplicationContext(ServletWebServerApplicationContext.java:296) - Root WebApplicationContext: initialization completed in 2671 ms
[2020-07-07 11:45:45:428-main] [INFO] - org.springframework.scheduling.concurrent.ExecutorConfigurationSupport.initialize(ExecutorConfigurationSupport.java:171) - Initializing ExecutorService 'applicationTaskExecutor'
[2020-07-07 11:45:45:925-main] [INFO] - org.springframework.scheduling.concurrent.ExecutorConfigurationSupport.initialize(ExecutorConfigurationSupport.java:171) - Initializing ExecutorService 'taskScheduler'
[2020-07-07 11:45:46:037-main] [INFO] - org.apache.juli.logging.DirectJDKLog.log(DirectJDKLog.java:173) - Starting ProtocolHandler ["http-nio-8088"]
[2020-07-07 11:45:46:075-main] [INFO] - org.springframework.boot.web.embedded.tomcat.TomcatWebServer.start(TomcatWebServer.java:204) - Tomcat started on port(s): 8088 (http) with context path '/xiaoy'
[2020-07-07 11:45:46:081-main] [INFO] - org.springframework.boot.StartupInfoLogger.logStarted(StartupInfoLogger.java:59) - Started StudyApplication in 25.308 seconds (JVM running for 31.488)
[2020-07-07 11:46:00:342-http-nio-8088-exec-1] [INFO] - org.apache.juli.logging.DirectJDKLog.log(DirectJDKLog.java:173) - Initializing Spring DispatcherServlet 'dispatcherServlet'
[2020-07-07 11:46:00:343-http-nio-8088-exec-1] [INFO] - org.springframework.web.servlet.FrameworkServlet.initServletBean(FrameworkServlet.java:524) - Initializing Servlet 'dispatcherServlet'
[2020-07-07 11:46:00:358-http-nio-8088-exec-1] [INFO] - org.springframework.web.servlet.FrameworkServlet.initServletBean(FrameworkServlet.java:546) - Completed initialization in 15 ms
[2020-07-07 11:46:00:431-http-nio-8088-exec-1] [INFO] - com.xy.config.LogAspectAop.beforePointcut(LogAspectAop.java:23) - request params:[Student(name=zhangsan, age=15)]
[2020-07-07 11:46:00:471-http-nio-8088-exec-1] [INFO] - com.zaxxer.hikari.HikariDataSource.getConnection(HikariDataSource.java:110) - HikariPool-1 - Starting...
[2020-07-07 11:46:01:082-http-nio-8088-exec-1] [INFO] - com.zaxxer.hikari.HikariDataSource.getConnection(HikariDataSource.java:123) - HikariPool-1 - Start completed.
[2020-07-07 11:46:01:324-http-nio-8088-exec-1] [INFO] - com.xy.config.LogAspectAop.doAfterReturning(LogAspectAop.java:33) - response params:Student(name=zhangsan, age=15)
[2020-07-07 11:47:22:335-Thread-7] [INFO] - org.springframework.scheduling.concurrent.ExecutorConfigurationSupport.shutdown(ExecutorConfigurationSupport.java:208) - Shutting down ExecutorService 'taskScheduler'
[2020-07-07 11:47:22:337-Thread-7] [INFO] - org.springframework.scheduling.concurrent.ExecutorConfigurationSupport.shutdown(ExecutorConfigurationSupport.java:208) - Shutting down ExecutorService 'applicationTaskExecutor'
[2020-07-07 11:47:22:363-Thread-7] [INFO] - com.zaxxer.hikari.HikariDataSource.close(HikariDataSource.java:350) - HikariPool-1 - Shutdown initiated...
[2020-07-07 11:47:22:373-Thread-7] [INFO] - com.zaxxer.hikari.HikariDataSource.close(HikariDataSource.java:352) - HikariPool-1 - Shutdown completed.
[2020-07-07 11:47:52:195-main] [INFO] - org.springframework.boot.StartupInfoLogger.logStarting(StartupInfoLogger.java:50) - Starting StudyApplication on AppledeMacBook-Pro.local with PID 4314 (/Users/apple/Documents/workspace/springboot/target/classes started by Xiaoy in /Users/apple/Documents/workspace/springboot)
[2020-07-07 11:47:52:200-main] [INFO] - org.springframework.boot.SpringApplication.logStartupProfileInfo(SpringApplication.java:679) - The following profiles are active: dev
[2020-07-07 11:47:53:147-main] [INFO] - org.springframework.data.repository.config.RepositoryConfigurationDelegate.multipleStoresDetected(RepositoryConfigurationDelegate.java:244) - Multiple Spring Data modules found, entering strict repository configuration mode!
[2020-07-07 11:47:53:154-main] [INFO] - org.springframework.data.repository.config.RepositoryConfigurationDelegate.registerRepositoriesIn(RepositoryConfigurationDelegate.java:126) - Bootstrapping Spring Data repositories in DEFAULT mode.
[2020-07-07 11:47:53:194-main] [INFO] - org.springframework.data.repository.config.RepositoryConfigurationDelegate.registerRepositoriesIn(RepositoryConfigurationDelegate.java:182) - Finished Spring Data repository scanning in 24ms. Found 0 repository interfaces.
[2020-07-07 11:47:53:616-main] [INFO] - org.springframework.context.support.PostProcessorRegistrationDelegate$BeanPostProcessorChecker.postProcessAfterInitialization(PostProcessorRegistrationDelegate.java:330) - Bean 'asynDemo' of type [com.xy.study.asynthreadpool.service.impl.AsynDemo$$EnhancerBySpringCGLIB$$1ac01a0b] is not eligible for getting processed by all BeanPostProcessors (for example: not eligible for auto-proxying)
[2020-07-07 11:47:53:780-main] [INFO] - org.springframework.context.support.PostProcessorRegistrationDelegate$BeanPostProcessorChecker.postProcessAfterInitialization(PostProcessorRegistrationDelegate.java:330) - Bean 'org.springframework.transaction.annotation.ProxyTransactionManagementConfiguration' of type [org.springframework.transaction.annotation.ProxyTransactionManagementConfiguration$$EnhancerBySpringCGLIB$$c5c8b2e3] is not eligible for getting processed by all BeanPostProcessors (for example: not eligible for auto-proxying)
[2020-07-07 11:47:54:618-main] [INFO] - org.springframework.boot.web.embedded.tomcat.TomcatWebServer.initialize(TomcatWebServer.java:90) - Tomcat initialized with port(s): 8088 (http)
[2020-07-07 11:47:54:641-main] [INFO] - org.apache.juli.logging.DirectJDKLog.log(DirectJDKLog.java:173) - Initializing ProtocolHandler ["http-nio-8088"]
[2020-07-07 11:47:54:656-main] [INFO] - org.apache.juli.logging.DirectJDKLog.log(DirectJDKLog.java:173) - Starting service [Tomcat]
[2020-07-07 11:47:54:657-main] [INFO] - org.apache.juli.logging.DirectJDKLog.log(DirectJDKLog.java:173) - Starting Servlet engine: [Apache Tomcat/9.0.17]
[2020-07-07 11:47:54:800-main] [INFO] - org.apache.juli.logging.DirectJDKLog.log(DirectJDKLog.java:173) - Initializing Spring embedded WebApplicationContext
[2020-07-07 11:47:54:801-main] [INFO] - org.springframework.boot.web.servlet.context.ServletWebServerApplicationContext.prepareWebApplicationContext(ServletWebServerApplicationContext.java:296) - Root WebApplicationContext: initialization completed in 2560 ms
[2020-07-07 11:47:56:256-main] [INFO] - org.springframework.scheduling.concurrent.ExecutorConfigurationSupport.initialize(ExecutorConfigurationSupport.java:171) - Initializing ExecutorService 'applicationTaskExecutor'
[2020-07-07 11:47:56:770-main] [INFO] - org.springframework.scheduling.concurrent.ExecutorConfigurationSupport.initialize(ExecutorConfigurationSupport.java:171) - Initializing ExecutorService 'taskScheduler'
[2020-07-07 11:47:56:865-main] [INFO] - org.apache.juli.logging.DirectJDKLog.log(DirectJDKLog.java:173) - Starting ProtocolHandler ["http-nio-8088"]
[2020-07-07 11:47:56:908-main] [INFO] - org.springframework.boot.web.embedded.tomcat.TomcatWebServer.start(TomcatWebServer.java:204) - Tomcat started on port(s): 8088 (http) with context path '/xiaoy'
[2020-07-07 11:47:56:914-main] [INFO] - org.springframework.boot.StartupInfoLogger.logStarted(StartupInfoLogger.java:59) - Started StudyApplication in 25.405 seconds (JVM running for 31.564)
[2020-07-07 13:50:31:205-Thread-7] [INFO] - org.springframework.scheduling.concurrent.ExecutorConfigurationSupport.shutdown(ExecutorConfigurationSupport.java:208) - Shutting down ExecutorService 'taskScheduler'
[2020-07-07 13:50:31:213-Thread-7] [INFO] - org.springframework.scheduling.concurrent.ExecutorConfigurationSupport.shutdown(ExecutorConfigurationSupport.java:208) - Shutting down ExecutorService 'applicationTaskExecutor'
[2020-07-07 13:51:02:736-main] [INFO] - org.springframework.boot.StartupInfoLogger.logStarting(StartupInfoLogger.java:50) - Starting StudyApplication on AppledeMacBook-Pro.local with PID 4409 (/Users/apple/Documents/workspace/springboot/target/classes started by Xiaoy in /Users/apple/Documents/workspace/springboot)
[2020-07-07 13:51:02:742-main] [INFO] - org.springframework.boot.SpringApplication.logStartupProfileInfo(SpringApplication.java:679) - The following profiles are active: dev
[2020-07-07 13:51:03:943-main] [INFO] - org.springframework.data.repository.config.RepositoryConfigurationDelegate.multipleStoresDetected(RepositoryConfigurationDelegate.java:244) - Multiple Spring Data modules found, entering strict repository configuration mode!
[2020-07-07 13:51:03:949-main] [INFO] - org.springframework.data.repository.config.RepositoryConfigurationDelegate.registerRepositoriesIn(RepositoryConfigurationDelegate.java:126) - Bootstrapping Spring Data repositories in DEFAULT mode.
[2020-07-07 13:51:03:997-main] [INFO] - org.springframework.data.repository.config.RepositoryConfigurationDelegate.registerRepositoriesIn(RepositoryConfigurationDelegate.java:182) - Finished Spring Data repository scanning in 29ms. Found 0 repository interfaces.
[2020-07-07 13:51:04:509-main] [INFO] - org.springframework.context.support.PostProcessorRegistrationDelegate$BeanPostProcessorChecker.postProcessAfterInitialization(PostProcessorRegistrationDelegate.java:330) - Bean 'asynDemo' of type [com.xy.study.asynthreadpool.service.impl.AsynDemo$$EnhancerBySpringCGLIB$$216352df] is not eligible for getting processed by all BeanPostProcessors (for example: not eligible for auto-proxying)
[2020-07-07 13:51:04:678-main] [INFO] - org.springframework.context.support.PostProcessorRegistrationDelegate$BeanPostProcessorChecker.postProcessAfterInitialization(PostProcessorRegistrationDelegate.java:330) - Bean 'org.springframework.transaction.annotation.ProxyTransactionManagementConfiguration' of type [org.springframework.transaction.annotation.ProxyTransactionManagementConfiguration$$EnhancerBySpringCGLIB$$cc6bebb7] is not eligible for getting processed by all BeanPostProcessors (for example: not eligible for auto-proxying)
[2020-07-07 13:51:05:788-main] [INFO] - org.springframework.boot.web.embedded.tomcat.TomcatWebServer.initialize(TomcatWebServer.java:90) - Tomcat initialized with port(s): 8088 (http)
[2020-07-07 13:51:05:812-main] [INFO] - org.apache.juli.logging.DirectJDKLog.log(DirectJDKLog.java:173) - Initializing ProtocolHandler ["http-nio-8088"]
[2020-07-07 13:51:05:826-main] [INFO] - org.apache.juli.logging.DirectJDKLog.log(DirectJDKLog.java:173) - Starting service [Tomcat]
[2020-07-07 13:51:05:827-main] [INFO] - org.apache.juli.logging.DirectJDKLog.log(DirectJDKLog.java:173) - Starting Servlet engine: [Apache Tomcat/9.0.17]
[2020-07-07 13:51:06:057-main] [INFO] - org.apache.juli.logging.DirectJDKLog.log(DirectJDKLog.java:173) - Initializing Spring embedded WebApplicationContext
[2020-07-07 13:51:06:058-main] [INFO] - org.springframework.boot.web.servlet.context.ServletWebServerApplicationContext.prepareWebApplicationContext(ServletWebServerApplicationContext.java:296) - Root WebApplicationContext: initialization completed in 3254 ms
[2020-07-07 13:51:07:740-main] [INFO] - org.springframework.scheduling.concurrent.ExecutorConfigurationSupport.initialize(ExecutorConfigurationSupport.java:171) - Initializing ExecutorService 'applicationTaskExecutor'
[2020-07-07 13:51:08:274-main] [INFO] - org.springframework.scheduling.concurrent.ExecutorConfigurationSupport.initialize(ExecutorConfigurationSupport.java:171) - Initializing ExecutorService 'taskScheduler'
[2020-07-07 13:51:08:381-main] [INFO] - org.apache.juli.logging.DirectJDKLog.log(DirectJDKLog.java:173) - Starting ProtocolHandler ["http-nio-8088"]
[2020-07-07 13:51:08:425-main] [INFO] - org.springframework.boot.web.embedded.tomcat.TomcatWebServer.start(TomcatWebServer.java:204) - Tomcat started on port(s): 8088 (http) with context path '/xiaoy'
[2020-07-07 13:51:08:431-main] [INFO] - org.springframework.boot.StartupInfoLogger.logStarted(StartupInfoLogger.java:59) - Started StudyApplication in 26.7 seconds (JVM running for 32.993)
[2020-07-07 13:52:41:411-Thread-7] [INFO] - org.springframework.scheduling.concurrent.ExecutorConfigurationSupport.shutdown(ExecutorConfigurationSupport.java:208) - Shutting down ExecutorService 'taskScheduler'
[2020-07-07 13:52:41:420-Thread-7] [INFO] - org.springframework.scheduling.concurrent.ExecutorConfigurationSupport.shutdown(ExecutorConfigurationSupport.java:208) - Shutting down ExecutorService 'applicationTaskExecutor'
[2020-07-07 13:53:35:820-main] [INFO] - org.springframework.boot.StartupInfoLogger.logStarting(StartupInfoLogger.java:50) - Starting StudyApplication on AppledeMacBook-Pro.local with PID 4450 (/Users/apple/Documents/workspace/springboot/target/classes started by Xiaoy in /Users/apple/Documents/workspace/springboot)
[2020-07-07 13:53:35:827-main] [INFO] - org.springframework.boot.SpringApplication.logStartupProfileInfo(SpringApplication.java:679) - The following profiles are active: dev
[2020-07-07 13:53:36:934-main] [INFO] - org.springframework.data.repository.config.RepositoryConfigurationDelegate.multipleStoresDetected(RepositoryConfigurationDelegate.java:244) - Multiple Spring Data modules found, entering strict repository configuration mode!
[2020-07-07 13:53:36:941-main] [INFO] - org.springframework.data.repository.config.RepositoryConfigurationDelegate.registerRepositoriesIn(RepositoryConfigurationDelegate.java:126) - Bootstrapping Spring Data repositories in DEFAULT mode.
[2020-07-07 13:53:36:985-main] [INFO] - org.springframework.data.repository.config.RepositoryConfigurationDelegate.registerRepositoriesIn(RepositoryConfigurationDelegate.java:182) - Finished Spring Data repository scanning in 22ms. Found 0 repository interfaces.
[2020-07-07 13:53:37:629-main] [INFO] - org.springframework.context.support.PostProcessorRegistrationDelegate$BeanPostProcessorChecker.postProcessAfterInitialization(PostProcessorRegistrationDelegate.java:330) - Bean 'asynDemo' of type [com.xy.study.asynthreadpool.service.impl.AsynDemo$$EnhancerBySpringCGLIB$$db9718ed] is not eligible for getting processed by all BeanPostProcessors (for example: not eligible for auto-proxying)
[2020-07-07 13:53:37:902-main] [INFO] - org.springframework.context.support.PostProcessorRegistrationDelegate$BeanPostProcessorChecker.postProcessAfterInitialization(PostProcessorRegistrationDelegate.java:330) - Bean 'org.springframework.transaction.annotation.ProxyTransactionManagementConfiguration' of type [org.springframework.transaction.annotation.ProxyTransactionManagementConfiguration$$EnhancerBySpringCGLIB$$869fb1c5] is not eligible for getting processed by all BeanPostProcessors (for example: not eligible for auto-proxying)
[2020-07-07 13:53:39:185-main] [INFO] - org.springframework.boot.web.embedded.tomcat.TomcatWebServer.initialize(TomcatWebServer.java:90) - Tomcat initialized with port(s): 8088 (http)
[2020-07-07 13:53:39:221-main] [INFO] - org.apache.juli.logging.DirectJDKLog.log(DirectJDKLog.java:173) - Initializing ProtocolHandler ["http-nio-8088"]
[2020-07-07 13:53:39:240-main] [INFO] - org.apache.juli.logging.DirectJDKLog.log(DirectJDKLog.java:173) - Starting service [Tomcat]
[2020-07-07 13:53:39:241-main] [INFO] - org.apache.juli.logging.DirectJDKLog.log(DirectJDKLog.java:173) - Starting Servlet engine: [Apache Tomcat/9.0.17]
[2020-07-07 13:53:39:529-main] [INFO] - org.apache.juli.logging.DirectJDKLog.log(DirectJDKLog.java:173) - Initializing Spring embedded WebApplicationContext
[2020-07-07 13:53:39:529-main] [INFO] - org.springframework.boot.web.servlet.context.ServletWebServerApplicationContext.prepareWebApplicationContext(ServletWebServerApplicationContext.java:296) - Root WebApplicationContext: initialization completed in 3651 ms
[2020-07-07 13:53:41:141-main] [INFO] - org.springframework.scheduling.concurrent.ExecutorConfigurationSupport.initialize(ExecutorConfigurationSupport.java:171) - Initializing ExecutorService 'applicationTaskExecutor'
[2020-07-07 13:53:41:822-main] [INFO] - org.springframework.scheduling.concurrent.ExecutorConfigurationSupport.initialize(ExecutorConfigurationSupport.java:171) - Initializing ExecutorService 'taskScheduler'
[2020-07-07 13:53:41:936-main] [INFO] - org.apache.juli.logging.DirectJDKLog.log(DirectJDKLog.java:173) - Starting ProtocolHandler ["http-nio-8088"]
[2020-07-07 13:53:41:991-main] [INFO] - org.springframework.boot.web.embedded.tomcat.TomcatWebServer.start(TomcatWebServer.java:204) - Tomcat started on port(s): 8088 (http) with context path '/xiaoy'
[2020-07-07 13:53:41:997-main] [INFO] - org.springframework.boot.StartupInfoLogger.logStarted(StartupInfoLogger.java:59) - Started StudyApplication in 26.83 seconds (JVM running for 33.015)
[2020-07-07 13:54:08:314-http-nio-8088-exec-1] [INFO] - org.apache.juli.logging.DirectJDKLog.log(DirectJDKLog.java:173) - Initializing Spring DispatcherServlet 'dispatcherServlet'
[2020-07-07 13:54:08:315-http-nio-8088-exec-1] [INFO] - org.springframework.web.servlet.FrameworkServlet.initServletBean(FrameworkServlet.java:524) - Initializing Servlet 'dispatcherServlet'
[2020-07-07 13:54:08:334-http-nio-8088-exec-1] [INFO] - org.springframework.web.servlet.FrameworkServlet.initServletBean(FrameworkServlet.java:546) - Completed initialization in 18 ms
[2020-07-07 13:54:08:419-http-nio-8088-exec-1] [INFO] - com.xy.config.LogAspectAop.beforePointcut(LogAspectAop.java:23) - request params:[Student(name=zhangsan, age=15)]
[2020-07-07 13:54:08:469-http-nio-8088-exec-1] [INFO] - com.zaxxer.hikari.HikariDataSource.getConnection(HikariDataSource.java:110) - HikariPool-1 - Starting...
[2020-07-07 13:54:09:216-http-nio-8088-exec-1] [INFO] - com.zaxxer.hikari.HikariDataSource.getConnection(HikariDataSource.java:123) - HikariPool-1 - Start completed.
[2020-07-07 13:54:09:228-http-nio-8088-exec-1] [DEBUG] - org.apache.ibatis.logging.jdbc.BaseJdbcLogger.debug(BaseJdbcLogger.java:159) - ==>  Preparing: SELECT name,age FROM xy_data_student WHERE name = ? 
[2020-07-07 13:54:09:267-http-nio-8088-exec-1] [DEBUG] - org.apache.ibatis.logging.jdbc.BaseJdbcLogger.debug(BaseJdbcLogger.java:159) - ==> Parameters: zhangsan(String)
[2020-07-07 13:54:09:313-http-nio-8088-exec-1] [DEBUG] - org.apache.ibatis.logging.jdbc.BaseJdbcLogger.debug(BaseJdbcLogger.java:159) - <==      Total: 1
[2020-07-07 13:54:09:703-http-nio-8088-exec-1] [INFO] - com.xy.config.LogAspectAop.doAfterReturning(LogAspectAop.java:33) - response params:Student(name=zhangsan, age=15)
[2020-07-07 13:54:55:696-http-nio-8088-exec-2] [INFO] - com.xy.config.LogAspectAop.beforePointcut(LogAspectAop.java:23) - request params:[Student(name=zhangsan, age=15)]
[2020-07-07 13:54:55:698-http-nio-8088-exec-2] [DEBUG] - org.apache.ibatis.logging.jdbc.BaseJdbcLogger.debug(BaseJdbcLogger.java:159) - ==>  Preparing: SELECT name,age FROM xy_data_student WHERE name = ? 
[2020-07-07 13:54:55:699-http-nio-8088-exec-2] [DEBUG] - org.apache.ibatis.logging.jdbc.BaseJdbcLogger.debug(BaseJdbcLogger.java:159) - ==> Parameters: zhangsan(String)
[2020-07-07 13:54:55:701-http-nio-8088-exec-2] [DEBUG] - org.apache.ibatis.logging.jdbc.BaseJdbcLogger.debug(BaseJdbcLogger.java:159) - <==      Total: 1
[2020-07-07 13:54:55:702-http-nio-8088-exec-2] [INFO] - com.xy.config.LogAspectAop.doAfterReturning(LogAspectAop.java:33) - response params:Student(name=zhangsan, age=15)
[2020-07-07 13:55:17:021-Thread-7] [INFO] - org.springframework.scheduling.concurrent.ExecutorConfigurationSupport.shutdown(ExecutorConfigurationSupport.java:208) - Shutting down ExecutorService 'taskScheduler'
[2020-07-07 13:55:17:029-Thread-7] [INFO] - org.springframework.scheduling.concurrent.ExecutorConfigurationSupport.shutdown(ExecutorConfigurationSupport.java:208) - Shutting down ExecutorService 'applicationTaskExecutor'
[2020-07-07 13:55:17:064-Thread-7] [INFO] - com.zaxxer.hikari.HikariDataSource.close(HikariDataSource.java:350) - HikariPool-1 - Shutdown initiated...
[2020-07-07 13:55:17:078-Thread-7] [INFO] - com.zaxxer.hikari.HikariDataSource.close(HikariDataSource.java:352) - HikariPool-1 - Shutdown completed.
[2020-07-07 13:55:47:024-main] [INFO] - org.springframework.boot.StartupInfoLogger.logStarting(StartupInfoLogger.java:50) - Starting StudyApplication on AppledeMacBook-Pro.local with PID 4486 (/Users/apple/Documents/workspace/springboot/target/classes started by Xiaoy in /Users/apple/Documents/workspace/springboot)
[2020-07-07 13:55:47:029-main] [INFO] - org.springframework.boot.SpringApplication.logStartupProfileInfo(SpringApplication.java:679) - The following profiles are active: dev
[2020-07-07 13:55:48:082-main] [INFO] - org.springframework.data.repository.config.RepositoryConfigurationDelegate.multipleStoresDetected(RepositoryConfigurationDelegate.java:244) - Multiple Spring Data modules found, entering strict repository configuration mode!
[2020-07-07 13:55:48:087-main] [INFO] - org.springframework.data.repository.config.RepositoryConfigurationDelegate.registerRepositoriesIn(RepositoryConfigurationDelegate.java:126) - Bootstrapping Spring Data repositories in DEFAULT mode.
[2020-07-07 13:55:48:119-main] [INFO] - org.springframework.data.repository.config.RepositoryConfigurationDelegate.registerRepositoriesIn(RepositoryConfigurationDelegate.java:182) - Finished Spring Data repository scanning in 19ms. Found 0 repository interfaces.
[2020-07-07 13:55:48:558-main] [INFO] - org.springframework.context.support.PostProcessorRegistrationDelegate$BeanPostProcessorChecker.postProcessAfterInitialization(PostProcessorRegistrationDelegate.java:330) - Bean 'asynDemo' of type [com.xy.study.asynthreadpool.service.impl.AsynDemo$$EnhancerBySpringCGLIB$$4076a027] is not eligible for getting processed by all BeanPostProcessors (for example: not eligible for auto-proxying)
[2020-07-07 13:55:48:723-main] [INFO] - org.springframework.context.support.PostProcessorRegistrationDelegate$BeanPostProcessorChecker.postProcessAfterInitialization(PostProcessorRegistrationDelegate.java:330) - Bean 'org.springframework.transaction.annotation.ProxyTransactionManagementConfiguration' of type [org.springframework.transaction.annotation.ProxyTransactionManagementConfiguration$$EnhancerBySpringCGLIB$$eb7f38ff] is not eligible for getting processed by all BeanPostProcessors (for example: not eligible for auto-proxying)
[2020-07-07 13:55:49:554-main] [INFO] - org.springframework.boot.web.embedded.tomcat.TomcatWebServer.initialize(TomcatWebServer.java:90) - Tomcat initialized with port(s): 8088 (http)
[2020-07-07 13:55:49:581-main] [INFO] - org.apache.juli.logging.DirectJDKLog.log(DirectJDKLog.java:173) - Initializing ProtocolHandler ["http-nio-8088"]
[2020-07-07 13:55:49:600-main] [INFO] - org.apache.juli.logging.DirectJDKLog.log(DirectJDKLog.java:173) - Starting service [Tomcat]
[2020-07-07 13:55:49:601-main] [INFO] - org.apache.juli.logging.DirectJDKLog.log(DirectJDKLog.java:173) - Starting Servlet engine: [Apache Tomcat/9.0.17]
[2020-07-07 13:55:49:750-main] [INFO] - org.apache.juli.logging.DirectJDKLog.log(DirectJDKLog.java:173) - Initializing Spring embedded WebApplicationContext
[2020-07-07 13:55:49:751-main] [INFO] - org.springframework.boot.web.servlet.context.ServletWebServerApplicationContext.prepareWebApplicationContext(ServletWebServerApplicationContext.java:296) - Root WebApplicationContext: initialization completed in 2674 ms
[2020-07-07 13:55:51:257-main] [INFO] - org.springframework.scheduling.concurrent.ExecutorConfigurationSupport.initialize(ExecutorConfigurationSupport.java:171) - Initializing ExecutorService 'applicationTaskExecutor'
[2020-07-07 13:55:51:824-main] [INFO] - org.springframework.scheduling.concurrent.ExecutorConfigurationSupport.initialize(ExecutorConfigurationSupport.java:171) - Initializing ExecutorService 'taskScheduler'
[2020-07-07 13:55:51:933-main] [INFO] - org.apache.juli.logging.DirectJDKLog.log(DirectJDKLog.java:173) - Starting ProtocolHandler ["http-nio-8088"]
[2020-07-07 13:55:51:975-main] [INFO] - org.springframework.boot.web.embedded.tomcat.TomcatWebServer.start(TomcatWebServer.java:204) - Tomcat started on port(s): 8088 (http) with context path '/xiaoy'
[2020-07-07 13:55:51:982-main] [INFO] - org.springframework.boot.StartupInfoLogger.logStarted(StartupInfoLogger.java:59) - Started StudyApplication in 25.516 seconds (JVM running for 31.795)
[2020-07-07 13:55:59:375-http-nio-8088-exec-1] [INFO] - org.apache.juli.logging.DirectJDKLog.log(DirectJDKLog.java:173) - Initializing Spring DispatcherServlet 'dispatcherServlet'
[2020-07-07 13:55:59:376-http-nio-8088-exec-1] [INFO] - org.springframework.web.servlet.FrameworkServlet.initServletBean(FrameworkServlet.java:524) - Initializing Servlet 'dispatcherServlet'
[2020-07-07 13:55:59:393-http-nio-8088-exec-1] [INFO] - org.springframework.web.servlet.FrameworkServlet.initServletBean(FrameworkServlet.java:546) - Completed initialization in 16 ms
[2020-07-07 13:55:59:460-http-nio-8088-exec-1] [INFO] - com.xy.config.LogAspectAop.beforePointcut(LogAspectAop.java:23) - request params:[Student(name=zhangsan, age=15)]
[2020-07-07 13:55:59:504-http-nio-8088-exec-1] [INFO] - com.zaxxer.hikari.HikariDataSource.getConnection(HikariDataSource.java:110) - HikariPool-1 - Starting...
[2020-07-07 13:56:00:085-http-nio-8088-exec-1] [INFO] - com.zaxxer.hikari.HikariDataSource.getConnection(HikariDataSource.java:123) - HikariPool-1 - Start completed.
[2020-07-07 13:56:00:096-http-nio-8088-exec-1] [DEBUG] - org.apache.ibatis.logging.jdbc.BaseJdbcLogger.debug(BaseJdbcLogger.java:159) - ==>  Preparing: SELECT name,age FROM xy_data_student WHERE name = ? 
[2020-07-07 13:56:00:143-http-nio-8088-exec-1] [DEBUG] - org.apache.ibatis.logging.jdbc.BaseJdbcLogger.debug(BaseJdbcLogger.java:159) - ==> Parameters: zhangsan(String)
[2020-07-07 13:56:00:181-http-nio-8088-exec-1] [DEBUG] - org.apache.ibatis.logging.jdbc.BaseJdbcLogger.debug(BaseJdbcLogger.java:159) - <==      Total: 1
[2020-07-07 13:56:00:506-http-nio-8088-exec-1] [INFO] - com.xy.config.LogAspectAop.doAfterReturning(LogAspectAop.java:33) - response params:Student(name=zhangsan, age=15)
[2020-07-07 14:02:47:279-Thread-7] [INFO] - org.springframework.scheduling.concurrent.ExecutorConfigurationSupport.shutdown(ExecutorConfigurationSupport.java:208) - Shutting down ExecutorService 'taskScheduler'
[2020-07-07 14:02:47:286-Thread-7] [INFO] - org.springframework.scheduling.concurrent.ExecutorConfigurationSupport.shutdown(ExecutorConfigurationSupport.java:208) - Shutting down ExecutorService 'applicationTaskExecutor'
[2020-07-07 14:02:47:321-Thread-7] [INFO] - com.zaxxer.hikari.HikariDataSource.close(HikariDataSource.java:350) - HikariPool-1 - Shutdown initiated...
[2020-07-07 14:02:47:338-Thread-7] [INFO] - com.zaxxer.hikari.HikariDataSource.close(HikariDataSource.java:352) - HikariPool-1 - Shutdown completed.
